Copyright 1986-2018 Xilinx, Inc. All Rights Reserved.
---------------------------------------------------------------------------------------------------------------------------------------
| Tool Version : Vivado v.2018.3 (win64) Build 2405991 Thu Dec  6 23:38:27 MST 2018
| Date         : Wed Apr  1 16:54:20 2026
| Host         : adsf running 64-bit major release  (build 9200)
| Command      : report_timing_summary -file D:/CubeMX/STM32H743_XC7A100_PS_Configuration/Confg-Flash/out_noproject/timing_summary.rpt
| Design       : spi_flash_bridge_top
| Device       : 7a100t-fgg484
| Speed File   : -2  PRODUCTION 1.23 2018-06-13
---------------------------------------------------------------------------------------------------------------------------------------

Timing Summary Report

------------------------------------------------------------------------------------------------
| Timer Settings
| --------------
------------------------------------------------------------------------------------------------

  Enable Multi Corner Analysis               :  Yes
  Enable Pessimism Removal                   :  Yes
  Pessimism Removal Resolution               :  Nearest Common Node
  Enable Input Delay Default Clock           :  No
  Enable Preset / Clear Arcs                 :  No
  Disable Flight Delays                      :  No
  Ignore I/O Paths                           :  No
  Timing Early Launch at Borrowing Latches   :  false

  Corner  Analyze    Analyze    
  Name    Max Paths  Min Paths  
  ------  ---------  ---------  
  Slow    Yes        Yes        
  Fast    Yes        Yes        



check_timing report

Table of Contents
-----------------
1. checking no_clock
2. checking constant_clock
3. checking pulse_width_clock
4. checking unconstrained_internal_endpoints
5. checking no_input_delay
6. checking no_output_delay
7. checking multiple_clock
8. checking generated_clocks
9. checking loops
10. checking partial_input_delay
11. checking partial_output_delay
12. checking latch_loops

1. checking no_clock
--------------------
 There are 148 register/latch pins with no clock driven by root clock pin: u_jtag_user_bridge/u_bscane2/DRCK (HIGH)

 There are 33 register/latch pins with no clock driven by root clock pin: u_jtag_user_bridge/u_bscane2/UPDATE (HIGH)


2. checking constant_clock
--------------------------
 There are 0 register/latch pins with constant_clock.


3. checking pulse_width_clock
-----------------------------
 There are 0 register/latch pins which need pulse_width check


4. checking unconstrained_internal_endpoints
--------------------------------------------
 There are 475 pins that are not constrained for maximum delay. (HIGH)

 There are 0 pins that are not constrained for maximum delay due to constant clock.


5. checking no_input_delay
--------------------------
 There is 1 input port with no input delay specified. (HIGH)

 There are 0 input ports with no input delay but user has a false path constraint.


6. checking no_output_delay
---------------------------
 There are 2 ports with no output delay specified. (HIGH)

 There are 0 ports with no output delay but user has a false path constraint

 There are 0 ports with no output delay but with a timing clock defined on it or propagating through it


7. checking multiple_clock
--------------------------
 There are 0 register/latch pins with multiple clocks.


8. checking generated_clocks
----------------------------
 There are 0 generated clocks that are not connected to a clock source.


9. checking loops
-----------------
 There are 0 combinational loops in the design.


10. checking partial_input_delay
--------------------------------
 There are 0 input ports with partial input delay specified.


11. checking partial_output_delay
---------------------------------
 There are 0 ports with partial output delay specified.


12. checking latch_loops
------------------------
 There are 0 combinational latch loops in the design through latch input



------------------------------------------------------------------------------------------------
| Design Timing Summary
| ---------------------
------------------------------------------------------------------------------------------------

    WNS(ns)      TNS(ns)  TNS Failing Endpoints  TNS Total Endpoints      WHS(ns)      THS(ns)  THS Failing Endpoints  THS Total Endpoints     WPWS(ns)     TPWS(ns)  TPWS Failing Endpoints  TPWS Total Endpoints  
    -------      -------  ---------------------  -------------------      -------      -------  ---------------------  -------------------     --------     --------  ----------------------  --------------------  
      5.469        0.000                      0                  241        0.197        0.000                      0                  241        4.500        0.000                       0                   142  


All user specified timing constraints are met.


------------------------------------------------------------------------------------------------
| Clock Summary
| -------------
------------------------------------------------------------------------------------------------

Clock       Waveform(ns)       Period(ns)      Frequency(MHz)
-----       ------------       ----------      --------------
clk_100MHz  {0.000 5.000}      10.000          100.000         


------------------------------------------------------------------------------------------------
| Intra Clock Table
| -----------------
------------------------------------------------------------------------------------------------

Clock             WNS(ns)      TNS(ns)  TNS Failing Endpoints  TNS Total Endpoints      WHS(ns)      THS(ns)  THS Failing Endpoints  THS Total Endpoints     WPWS(ns)     TPWS(ns)  TPWS Failing Endpoints  TPWS Total Endpoints  
-----             -------      -------  ---------------------  -------------------      -------      -------  ---------------------  -------------------     --------     --------  ----------------------  --------------------  
clk_100MHz          5.469        0.000                      0                  241        0.197        0.000                      0                  241        4.500        0.000                       0                   142  


------------------------------------------------------------------------------------------------
| Inter Clock Table
| -----------------
------------------------------------------------------------------------------------------------

From Clock    To Clock          WNS(ns)      TNS(ns)  TNS Failing Endpoints  TNS Total Endpoints      WHS(ns)      THS(ns)  THS Failing Endpoints  THS Total Endpoints  
----------    --------          -------      -------  ---------------------  -------------------      -------      -------  ---------------------  -------------------  


------------------------------------------------------------------------------------------------
| Other Path Groups Table
| -----------------------
------------------------------------------------------------------------------------------------

Path Group    From Clock    To Clock          WNS(ns)      TNS(ns)  TNS Failing Endpoints  TNS Total Endpoints      WHS(ns)      THS(ns)  THS Failing Endpoints  THS Total Endpoints  
----------    ----------    --------          -------      -------  ---------------------  -------------------      -------      -------  ---------------------  -------------------  


------------------------------------------------------------------------------------------------
| Timing Details
| --------------
------------------------------------------------------------------------------------------------


---------------------------------------------------------------------------------------------------
From Clock:  clk_100MHz
  To Clock:  clk_100MHz

Setup :            0  Failing Endpoints,  Worst Slack        5.469ns,  Total Violation        0.000ns
Hold  :            0  Failing Endpoints,  Worst Slack        0.197ns,  Total Violation        0.000ns
PW    :            0  Failing Endpoints,  Worst Slack        4.500ns,  Total Violation        0.000ns
---------------------------------------------------------------------------------------------------


Max Delay Paths
--------------------------------------------------------------------------------------
Slack (MET) :             5.469ns  (required time - arrival time)
  Source:                 u_jtag_user_bridge/cmd_word_reg[7]/C
                            (rising edge-triggered cell FDCE clocked by clk_100MHz  {rise@0.000ns fall@5.000ns period=10.000ns})
  Destination:            u_spi_flash_bridge_core/wait_cnt_reg[0]/CE
                            (rising edge-triggered cell FDCE clocked by clk_100MHz  {rise@0.000ns fall@5.000ns period=10.000ns})
  Path Group:             clk_100MHz
  Path Type:              Setup (Max at Slow Process Corner)
  Requirement:            10.000ns  (clk_100MHz rise@10.000ns - clk_100MHz rise@0.000ns)
  Data Path Delay:        4.213ns  (logic 0.972ns (23.069%)  route 3.241ns (76.931%))
  Logic Levels:           3  (LUT5=3)
  Clock Path Skew:        -0.114ns (DCD - SCD + CPR)
    Destination Clock Delay (DCD):    4.385ns = ( 14.385 - 10.000 ) 
    Source Clock Delay      (SCD):    4.725ns
    Clock Pessimism Removal (CPR):    0.225ns
  Clock Uncertainty:      0.035ns  ((TSJ^2 + TIJ^2)^1/2 + DJ) / 2 + PE
    Total System Jitter     (TSJ):    0.071ns
    Total Input Jitter      (TIJ):    0.000ns
    Discrete Jitter          (DJ):    0.000ns
    Phase Error              (PE):    0.000ns

    Location             Delay type                Incr(ns)  Path(ns)    Netlist Resource(s)
  -------------------------------------------------------------------    -------------------
                         (clock clk_100MHz rise edge)
                                                      0.000     0.000 r  
    W19                                               0.000     0.000 r  clk_100MHz (IN)
                         net (fo=0)                   0.000     0.000    clk_100MHz
    W19                  IBUF (Prop_ibuf_I_O)         1.483     1.483 r  clk_100MHz_IBUF_inst/O
                         net (fo=1, routed)           1.709     3.192    clk_100MHz_IBUF
    BUFGCTRL_X0Y1        BUFG (Prop_bufg_I_O)         0.081     3.273 r  clk_100MHz_IBUF_BUFG_inst/O
                         net (fo=141, routed)         1.452     4.725    u_jtag_user_bridge/clk_100MHz_IBUF_BUFG
    SLICE_X7Y89          FDCE                                         r  u_jtag_user_bridge/cmd_word_reg[7]/C
  -------------------------------------------------------------------    -------------------
    SLICE_X7Y89          FDCE (Prop_fdce_C_Q)         0.348     5.073 f  u_jtag_user_bridge/cmd_word_reg[7]/Q
                         net (fo=3, routed)           0.921     5.993    u_jtag_user_bridge/p_1_in[7]
    SLICE_X7Y88          LUT5 (Prop_lut5_I0_O)        0.242     6.235 f  u_jtag_user_bridge/rsp_word[33]_i_3/O
                         net (fo=14, routed)          1.205     7.441    u_jtag_user_bridge/rsp_word[33]_i_3_n_0
    SLICE_X8Y87          LUT5 (Prop_lut5_I4_O)        0.118     7.559 r  u_jtag_user_bridge/FSM_sequential_state[0]_i_3/O
                         net (fo=3, routed)           0.464     8.022    u_spi_flash_bridge_core/state__0__0
    SLICE_X8Y88          LUT5 (Prop_lut5_I0_O)        0.264     8.286 r  u_spi_flash_bridge_core/wait_cnt[15]_i_1/O
                         net (fo=16, routed)          0.652     8.938    u_spi_flash_bridge_core/wait_cnt[15]_i_1_n_0
    SLICE_X11Y84         FDCE                                         r  u_spi_flash_bridge_core/wait_cnt_reg[0]/CE
  -------------------------------------------------------------------    -------------------

                         (clock clk_100MHz rise edge)
                                                     10.000    10.000 r  
    W19                                               0.000    10.000 r  clk_100MHz (IN)
                         net (fo=0)                   0.000    10.000    clk_100MHz
    W19                  IBUF (Prop_ibuf_I_O)         1.416    11.416 r  clk_100MHz_IBUF_inst/O
                         net (fo=1, routed)           1.620    13.036    clk_100MHz_IBUF
    BUFGCTRL_X0Y1        BUFG (Prop_bufg_I_O)         0.077    13.113 r  clk_100MHz_IBUF_BUFG_inst/O
                         net (fo=141, routed)         1.272    14.385    u_spi_flash_bridge_core/clk_100MHz_IBUF_BUFG
    SLICE_X11Y84         FDCE                                         r  u_spi_flash_bridge_core/wait_cnt_reg[0]/C
                         clock pessimism              0.225    14.611    
                         clock uncertainty           -0.035    14.575    
    SLICE_X11Y84         FDCE (Setup_fdce_C_CE)      -0.168    14.407    u_spi_flash_bridge_core/wait_cnt_reg[0]
  -------------------------------------------------------------------
                         required time                         14.407    
                         arrival time                          -8.938    
  -------------------------------------------------------------------
                         slack                                  5.469    





Min Delay Paths
--------------------------------------------------------------------------------------
Slack (MET) :             0.197ns  (arrival time - required time)
  Source:                 u_spi_flash_bridge_core/sck_toggle_count_reg[0]/C
                            (rising edge-triggered cell FDCE clocked by clk_100MHz  {rise@0.000ns fall@5.000ns period=10.000ns})
  Destination:            u_spi_flash_bridge_core/rsp_word_reg[16]/D
                            (rising edge-triggered cell FDCE clocked by clk_100MHz  {rise@0.000ns fall@5.000ns period=10.000ns})
  Path Group:             clk_100MHz
  Path Type:              Hold (Min at Fast Process Corner)
  Requirement:            0.000ns  (clk_100MHz rise@0.000ns - clk_100MHz rise@0.000ns)
  Data Path Delay:        0.302ns  (logic 0.209ns (69.230%)  route 0.093ns (30.770%))
  Logic Levels:           1  (LUT6=1)
  Clock Path Skew:        0.013ns (DCD - SCD - CPR)
    Destination Clock Delay (DCD):    2.073ns
    Source Clock Delay      (SCD):    1.556ns
    Clock Pessimism Removal (CPR):    0.504ns

    Location             Delay type                Incr(ns)  Path(ns)    Netlist Resource(s)
  -------------------------------------------------------------------    -------------------
                         (clock clk_100MHz rise edge)
                                                      0.000     0.000 r  
    W19                                               0.000     0.000 r  clk_100MHz (IN)
                         net (fo=0)                   0.000     0.000    clk_100MHz
    W19                  IBUF (Prop_ibuf_I_O)         0.319     0.319 r  clk_100MHz_IBUF_inst/O
                         net (fo=1, routed)           0.640     0.959    clk_100MHz_IBUF
    BUFGCTRL_X0Y1        BUFG (Prop_bufg_I_O)         0.026     0.985 r  clk_100MHz_IBUF_BUFG_inst/O
                         net (fo=141, routed)         0.571     1.556    u_spi_flash_bridge_core/clk_100MHz_IBUF_BUFG
    SLICE_X12Y89         FDCE                                         r  u_spi_flash_bridge_core/sck_toggle_count_reg[0]/C
  -------------------------------------------------------------------    -------------------
    SLICE_X12Y89         FDCE (Prop_fdce_C_Q)         0.164     1.720 r  u_spi_flash_bridge_core/sck_toggle_count_reg[0]/Q
                         net (fo=2, routed)           0.093     1.813    u_jtag_user_bridge/sck_toggle_count_reg[0]
    SLICE_X13Y89         LUT6 (Prop_lut6_I0_O)        0.045     1.858 r  u_jtag_user_bridge/rsp_word[16]_i_1/O
                         net (fo=1, routed)           0.000     1.858    u_spi_flash_bridge_core/rsp_word_reg[33]_1[13]
    SLICE_X13Y89         FDCE                                         r  u_spi_flash_bridge_core/rsp_word_reg[16]/D
  -------------------------------------------------------------------    -------------------

                         (clock clk_100MHz rise edge)
                                                      0.000     0.000 r  
    W19                                               0.000     0.000 r  clk_100MHz (IN)
                         net (fo=0)                   0.000     0.000    clk_100MHz
    W19                  IBUF (Prop_ibuf_I_O)         0.508     0.508 r  clk_100MHz_IBUF_inst/O
                         net (fo=1, routed)           0.695     1.202    clk_100MHz_IBUF
    BUFGCTRL_X0Y1        BUFG (Prop_bufg_I_O)         0.029     1.231 r  clk_100MHz_IBUF_BUFG_inst/O
                         net (fo=141, routed)         0.842     2.073    u_spi_flash_bridge_core/clk_100MHz_IBUF_BUFG
    SLICE_X13Y89         FDCE                                         r  u_spi_flash_bridge_core/rsp_word_reg[16]/C
                         clock pessimism             -0.504     1.569    
    SLICE_X13Y89         FDCE (Hold_fdce_C_D)         0.092     1.661    u_spi_flash_bridge_core/rsp_word_reg[16]
  -------------------------------------------------------------------
                         required time                         -1.661    
                         arrival time                           1.858    
  -------------------------------------------------------------------
                         slack                                  0.197    





Pulse Width Checks
--------------------------------------------------------------------------------------
Clock Name:         clk_100MHz
Waveform(ns):       { 0.000 5.000 }
Period(ns):         10.000
Sources:            { clk_100MHz }

Check Type        Corner  Lib Pin  Reference Pin  Required(ns)  Actual(ns)  Slack(ns)  Location       Pin
Min Period        n/a     BUFG/I   n/a            1.592         10.000      8.408      BUFGCTRL_X0Y1  clk_100MHz_IBUF_BUFG_inst/I
Low Pulse Width   Slow    FDCE/C   n/a            0.500         5.000       4.500      SLICE_X6Y86    u_spi_flash_bridge_core/rsp_word_reg[2]/C
High Pulse Width  Fast    FDCE/C   n/a            0.500         5.000       4.500      SLICE_X11Y90   u_jtag_user_bridge/cmd_word_reg[0]/C



