#-----------------------------------------------------------
# xsim v2018.3 (64-bit)
# SW Build 2405991 on Thu Dec  6 23:38:27 MST 2018
# IP Build 2404404 on Fri Dec  7 01:43:56 MST 2018
# Start of session at: Wed Apr  1 15:46:21 2026
# Process ID: 12804
# Current directory: D:/CubeMX/STM32H743_XC7A100_PS_Configuration/vivado_bridge/sim_out/tb_spi_flash_bridge_core
# Command line: xsim.exe -mode tcl -source {xsim.dir/tb_spi_flash_bridge_core/xsim_script.tcl}
# Log file: D:/CubeMX/STM32H743_XC7A100_PS_Configuration/vivado_bridge/sim_out/tb_spi_flash_bridge_core/xsim.log
# Journal file: D:/CubeMX/STM32H743_XC7A100_PS_Configuration/vivado_bridge/sim_out/tb_spi_flash_bridge_core\xsim.jou
#-----------------------------------------------------------
source xsim.dir/tb_spi_flash_bridge_core/xsim_script.tcl
# xsim {tb_spi_flash_bridge_core} -autoloadwcfg -runall
Vivado Simulator 2018.3
Time resolution is 1 ps
run -all
Starting tb_spi_flash_bridge_core...
SET_CS high rsp=00_00_00_00_01
SET_DIV rsp=00_00_00_00_02
SET_CS low rsp=00_00_00_00_00
XFER8 tx=9f rx=00
CMD 0x9F response byte = 0x00
XFER8 tx=ff rx=20
XFER8 tx=ff rx=ba
XFER8 tx=ff rx=18
SET_CS high end rsp=00_00_00_00_01
PASS: bridge core read JEDEC ID 20 BA 18.
$finish called at time : 2355 ns : File "D:/CubeMX/STM32H743_XC7A100_PS_Configuration/vivado_bridge/tb/tb_spi_flash_bridge_core.v" Line 101
exit
INFO: [Common 17-206] Exiting xsim at Wed Apr  1 15:46:24 2026...
