#-----------------------------------------------------------
# Vivado v2018.3 (64-bit)
# SW Build 2405991 on Thu Dec  6 23:38:27 MST 2018
# IP Build 2404404 on Fri Dec  7 01:43:56 MST 2018
# Start of session at: Wed Apr  1 16:42:44 2026
# Process ID: 48812
# Current directory: D:/CubeMX/STM32H743_XC7A100_PS_Configuration
# Command line: vivado.exe -mode batch -source vivado_bridge/tcl/run_noproject_batch.tcl
# Log file: D:/CubeMX/STM32H743_XC7A100_PS_Configuration/vivado.log
# Journal file: D:/CubeMX/STM32H743_XC7A100_PS_Configuration\vivado.jou
#-----------------------------------------------------------
source vivado_bridge/tcl/run_noproject_batch.tcl
# set script_dir [file normalize [file dirname [info script]]]
# set repo_root [file normalize [file join $script_dir ".." ".."]]
# set output_dir [file join $repo_root "Confg-Flash" "out_noproject"]
# file mkdir $output_dir
# create_project -in_memory -part xc7a100tfgg484-2
# set_property target_language Verilog [current_project]
# set_property default_lib xil_defaultlib [current_project]
# read_verilog [file join $repo_root "vivado_bridge" "rtl" "jtag_user_bridge.v"]
# read_verilog [file join $repo_root "vivado_bridge" "rtl" "spi_flash_bridge_core.v"]
# read_verilog [file join $repo_root "vivado_bridge" "rtl" "spi_flash_bridge_top.v"]
# read_xdc     [file join $repo_root "vivado_bridge" "xdc" "xc7a100tfgg484_spi_flash_bridge.xdc"]
# synth_design -top spi_flash_bridge_top -part xc7a100tfgg484-2
Command: synth_design -top spi_flash_bridge_top -part xc7a100tfgg484-2
Starting synth_design
Attempting to get a license for feature 'Synthesis' and/or device 'xc7a100t'
INFO: [Common 17-349] Got license for feature 'Synthesis' and/or device 'xc7a100t'
INFO: Launching helper process for spawning children vivado processes
INFO: Helper process launched with PID 39920 
---------------------------------------------------------------------------------
Starting RTL Elaboration : Time (s): cpu = 00:00:02 ; elapsed = 00:00:02 . Memory (MB): peak = 362.141 ; gain = 95.918
---------------------------------------------------------------------------------
INFO: [Synth 8-6157] synthesizing module 'spi_flash_bridge_top' [D:/CubeMX/STM32H743_XC7A100_PS_Configuration/vivado_bridge/rtl/spi_flash_bridge_top.v:1]
INFO: [Synth 8-6157] synthesizing module 'IOBUF' [D:/Vivado/Vivado/2018.3/scripts/rt/data/unisim_comp.v:23615]
	Parameter DRIVE bound to: 12 - type: integer 
	Parameter IBUF_LOW_PWR bound to: TRUE - type: string 
	Parameter IOSTANDARD bound to: DEFAULT - type: string 
	Parameter SLEW bound to: SLOW - type: string 
INFO: [Synth 8-6155] done synthesizing module 'IOBUF' (1#1) [D:/Vivado/Vivado/2018.3/scripts/rt/data/unisim_comp.v:23615]
INFO: [Synth 8-6157] synthesizing module 'jtag_user_bridge' [D:/CubeMX/STM32H743_XC7A100_PS_Configuration/vivado_bridge/rtl/jtag_user_bridge.v:1]
	Parameter WIDTH bound to: 40 - type: integer 
INFO: [Synth 8-6157] synthesizing module 'BSCANE2' [D:/Vivado/Vivado/2018.3/scripts/rt/data/unisim_comp.v:424]
	Parameter DISABLE_JTAG bound to: FALSE - type: string 
	Parameter JTAG_CHAIN bound to: 1 - type: integer 
INFO: [Synth 8-6155] done synthesizing module 'BSCANE2' (2#1) [D:/Vivado/Vivado/2018.3/scripts/rt/data/unisim_comp.v:424]
INFO: [Synth 8-6155] done synthesizing module 'jtag_user_bridge' (3#1) [D:/CubeMX/STM32H743_XC7A100_PS_Configuration/vivado_bridge/rtl/jtag_user_bridge.v:1]
INFO: [Synth 8-6157] synthesizing module 'spi_flash_bridge_core' [D:/CubeMX/STM32H743_XC7A100_PS_Configuration/vivado_bridge/rtl/spi_flash_bridge_core.v:3]
	Parameter CMD_NOP bound to: 8'b00000000 
	Parameter CMD_SET_CS bound to: 8'b00000001 
	Parameter CMD_XFER8 bound to: 8'b00000010 
	Parameter CMD_SET_DIV bound to: 8'b00000011 
	Parameter CMD_STATUS bound to: 8'b00000100 
	Parameter CMD_STATUS_EX bound to: 8'b00000101 
	Parameter CMD_ECHO bound to: 8'b00000110 
	Parameter ST_OK bound to: 8'b00000000 
	Parameter ST_BUSY bound to: 8'b00000001 
	Parameter ST_BAD_CMD bound to: 8'b11101110 
	Parameter S_IDLE bound to: 2'b00 
	Parameter S_LOW_WAIT bound to: 2'b01 
	Parameter S_HIGH_WAIT bound to: 2'b10 
INFO: [Synth 8-6155] done synthesizing module 'spi_flash_bridge_core' (4#1) [D:/CubeMX/STM32H743_XC7A100_PS_Configuration/vivado_bridge/rtl/spi_flash_bridge_core.v:3]
INFO: [Synth 8-6157] synthesizing module 'STARTUPE2' [D:/Vivado/Vivado/2018.3/scripts/rt/data/unisim_comp.v:51869]
	Parameter PROG_USR bound to: FALSE - type: string 
	Parameter SIM_CCLK_FREQ bound to: 0.000000 - type: float 
INFO: [Synth 8-6155] done synthesizing module 'STARTUPE2' (5#1) [D:/Vivado/Vivado/2018.3/scripts/rt/data/unisim_comp.v:51869]
INFO: [Synth 8-6155] done synthesizing module 'spi_flash_bridge_top' (6#1) [D:/CubeMX/STM32H743_XC7A100_PS_Configuration/vivado_bridge/rtl/spi_flash_bridge_top.v:1]
WARNING: [Synth 8-3331] design spi_flash_bridge_core has unconnected port cmd_word[39]
WARNING: [Synth 8-3331] design spi_flash_bridge_core has unconnected port cmd_word[38]
WARNING: [Synth 8-3331] design spi_flash_bridge_core has unconnected port cmd_word[37]
WARNING: [Synth 8-3331] design spi_flash_bridge_core has unconnected port cmd_word[36]
WARNING: [Synth 8-3331] design spi_flash_bridge_core has unconnected port cmd_word[35]
WARNING: [Synth 8-3331] design spi_flash_bridge_core has unconnected port cmd_word[34]
WARNING: [Synth 8-3331] design spi_flash_bridge_core has unconnected port cmd_word[33]
WARNING: [Synth 8-3331] design spi_flash_bridge_core has unconnected port cmd_word[32]
---------------------------------------------------------------------------------
Finished RTL Elaboration : Time (s): cpu = 00:00:02 ; elapsed = 00:00:02 . Memory (MB): peak = 418.246 ; gain = 152.023
---------------------------------------------------------------------------------

Report Check Netlist: 
+------+------------------+-------+---------+-------+------------------+
|      |Item              |Errors |Warnings |Status |Description       |
+------+------------------+-------+---------+-------+------------------+
|1     |multi_driven_nets |      0|        0|Passed |Multi driven nets |
+------+------------------+-------+---------+-------+------------------+
---------------------------------------------------------------------------------
Start Handling Custom Attributes
---------------------------------------------------------------------------------
---------------------------------------------------------------------------------
Finished Handling Custom Attributes : Time (s): cpu = 00:00:02 ; elapsed = 00:00:02 . Memory (MB): peak = 418.246 ; gain = 152.023
---------------------------------------------------------------------------------
---------------------------------------------------------------------------------
Finished RTL Optimization Phase 1 : Time (s): cpu = 00:00:02 ; elapsed = 00:00:02 . Memory (MB): peak = 418.246 ; gain = 152.023
---------------------------------------------------------------------------------
INFO: [Netlist 29-17] Analyzing 5 Unisim elements for replacement
INFO: [Netlist 29-28] Unisim Transformation completed in 0 CPU seconds
INFO: [Device 21-403] Loading part xc7a100tfgg484-2
INFO: [Project 1-570] Preparing netlist for logic optimization

Processing XDC Constraints
Initializing timing engine
Parsing XDC File [D:/CubeMX/STM32H743_XC7A100_PS_Configuration/vivado_bridge/xdc/xc7a100tfgg484_spi_flash_bridge.xdc]
Finished Parsing XDC File [D:/CubeMX/STM32H743_XC7A100_PS_Configuration/vivado_bridge/xdc/xc7a100tfgg484_spi_flash_bridge.xdc]
INFO: [Project 1-236] Implementation specific constraints were found while reading constraint file [D:/CubeMX/STM32H743_XC7A100_PS_Configuration/vivado_bridge/xdc/xc7a100tfgg484_spi_flash_bridge.xdc]. These constraints will be ignored for synthesis but will be used in implementation. Impacted constraints are listed in the file [.Xil/spi_flash_bridge_top_propImpl.xdc].
Resolution: To avoid this warning, move constraints listed in [.Xil/spi_flash_bridge_top_propImpl.xdc] to another XDC file and exclude this new file from synthesis with the used_in_synthesis property (File Properties dialog in GUI) and re-run elaboration/synthesis.
Netlist sorting complete. Time (s): cpu = 00:00:00 ; elapsed = 00:00:00 . Memory (MB): peak = 772.742 ; gain = 0.000
Completed Processing XDC Constraints

Netlist sorting complete. Time (s): cpu = 00:00:00 ; elapsed = 00:00:00 . Memory (MB): peak = 772.746 ; gain = 0.000
INFO: [Project 1-111] Unisim Transformation Summary:
  A total of 4 instances were transformed.
  IOBUF => IOBUF (IBUF, OBUFT): 4 instances

Netlist sorting complete. Time (s): cpu = 00:00:00 ; elapsed = 00:00:00 . Memory (MB): peak = 772.746 ; gain = 0.000
Constraint Validation Runtime : Time (s): cpu = 00:00:00 ; elapsed = 00:00:00.002 . Memory (MB): peak = 772.746 ; gain = 0.000
---------------------------------------------------------------------------------
Finished Constraint Validation : Time (s): cpu = 00:00:08 ; elapsed = 00:00:09 . Memory (MB): peak = 772.746 ; gain = 506.523
---------------------------------------------------------------------------------
---------------------------------------------------------------------------------
Start Loading Part and Timing Information
---------------------------------------------------------------------------------
Loading part: xc7a100tfgg484-2
---------------------------------------------------------------------------------
Finished Loading Part and Timing Information : Time (s): cpu = 00:00:08 ; elapsed = 00:00:09 . Memory (MB): peak = 772.746 ; gain = 506.523
---------------------------------------------------------------------------------
---------------------------------------------------------------------------------
Start Applying 'set_property' XDC Constraints
---------------------------------------------------------------------------------
---------------------------------------------------------------------------------
Finished applying 'set_property' XDC Constraints : Time (s): cpu = 00:00:08 ; elapsed = 00:00:09 . Memory (MB): peak = 772.746 ; gain = 506.523
---------------------------------------------------------------------------------
INFO: [Synth 8-4471] merging register 'rx_sampled_reg[7:0]' into 'rx_shift_reg[7:0]' [D:/CubeMX/STM32H743_XC7A100_PS_Configuration/vivado_bridge/rtl/spi_flash_bridge_core.v:74]
INFO: [Synth 8-802] inferred FSM for state register 'state_reg' in module 'spi_flash_bridge_core'
INFO: [Synth 8-5546] ROM "state" won't be mapped to RAM because it is too sparse
INFO: [Synth 8-5546] ROM "clk_div" won't be mapped to RAM because it is too sparse
INFO: [Synth 8-5546] ROM "spi_cs_reg" won't be mapped to RAM because it is too sparse
INFO: [Synth 8-5544] ROM "rsp_word" won't be mapped to Block RAM because address size (3) smaller than threshold (5)
INFO: [Synth 8-5544] ROM "state" won't be mapped to Block RAM because address size (3) smaller than threshold (5)
INFO: [Synth 8-5544] ROM "state" won't be mapped to Block RAM because address size (3) smaller than threshold (5)
INFO: [Synth 8-5544] ROM "state" won't be mapped to Block RAM because address size (3) smaller than threshold (5)
INFO: [Synth 8-5544] ROM "state" won't be mapped to Block RAM because address size (3) smaller than threshold (5)
---------------------------------------------------------------------------------------------------
                   State |                     New Encoding |                Previous Encoding 
---------------------------------------------------------------------------------------------------
                  S_IDLE |                               00 |                               00
              S_LOW_WAIT |                               01 |                               01
             S_HIGH_WAIT |                               10 |                               10
---------------------------------------------------------------------------------------------------
INFO: [Synth 8-3354] encoded FSM with state register 'state_reg' using encoding 'sequential' in module 'spi_flash_bridge_core'
---------------------------------------------------------------------------------
Finished RTL Optimization Phase 2 : Time (s): cpu = 00:00:08 ; elapsed = 00:00:09 . Memory (MB): peak = 772.746 ; gain = 506.523
---------------------------------------------------------------------------------

Report RTL Partitions: 
+-+--------------+------------+----------+
| |RTL Partition |Replication |Instances |
+-+--------------+------------+----------+
+-+--------------+------------+----------+
---------------------------------------------------------------------------------
Start RTL Component Statistics 
---------------------------------------------------------------------------------
Detailed RTL Component Info : 
+---Adders : 
	   2 Input     16 Bit       Adders := 1     
	   2 Input      3 Bit       Adders := 1     
+---Registers : 
	               40 Bit    Registers := 7     
	               16 Bit    Registers := 2     
	                8 Bit    Registers := 2     
	                3 Bit    Registers := 1     
	                1 Bit    Registers := 9     
+---Muxes : 
	   2 Input     40 Bit        Muxes := 3     
	   3 Input     40 Bit        Muxes := 1     
	   2 Input     16 Bit        Muxes := 2     
	   3 Input     16 Bit        Muxes := 1     
	   3 Input      8 Bit        Muxes := 2     
	   3 Input      3 Bit        Muxes := 1     
	   3 Input      2 Bit        Muxes := 1     
	   2 Input      2 Bit        Muxes := 1     
	   2 Input      1 Bit        Muxes := 9     
	   8 Input      1 Bit        Muxes := 3     
	   3 Input      1 Bit        Muxes := 13    
---------------------------------------------------------------------------------
Finished RTL Component Statistics 
---------------------------------------------------------------------------------
---------------------------------------------------------------------------------
Start RTL Hierarchical Component Statistics 
---------------------------------------------------------------------------------
Hierarchical RTL Component report 
Module jtag_user_bridge 
Detailed RTL Component Info : 
+---Registers : 
	               40 Bit    Registers := 6     
	                1 Bit    Registers := 5     
+---Muxes : 
	   2 Input     40 Bit        Muxes := 2     
	   2 Input      1 Bit        Muxes := 3     
Module spi_flash_bridge_core 
Detailed RTL Component Info : 
+---Adders : 
	   2 Input     16 Bit       Adders := 1     
	   2 Input      3 Bit       Adders := 1     
+---Registers : 
	               40 Bit    Registers := 1     
	               16 Bit    Registers := 2     
	                8 Bit    Registers := 2     
	                3 Bit    Registers := 1     
	                1 Bit    Registers := 4     
+---Muxes : 
	   2 Input     40 Bit        Muxes := 1     
	   3 Input     40 Bit        Muxes := 1     
	   2 Input     16 Bit        Muxes := 2     
	   3 Input     16 Bit        Muxes := 1     
	   3 Input      8 Bit        Muxes := 2     
	   3 Input      3 Bit        Muxes := 1     
	   3 Input      2 Bit        Muxes := 1     
	   2 Input      2 Bit        Muxes := 1     
	   2 Input      1 Bit        Muxes := 6     
	   8 Input      1 Bit        Muxes := 3     
	   3 Input      1 Bit        Muxes := 13    
---------------------------------------------------------------------------------
Finished RTL Hierarchical Component Statistics
---------------------------------------------------------------------------------
---------------------------------------------------------------------------------
Start Part Resource Summary
---------------------------------------------------------------------------------
Part Resources:
DSPs: 240 (col length:80)
BRAMs: 270 (col length: RAMB18 80 RAMB36 40)
---------------------------------------------------------------------------------
Finished Part Resource Summary
---------------------------------------------------------------------------------
---------------------------------------------------------------------------------
Start Cross Boundary and Area Optimization
---------------------------------------------------------------------------------
Warning: Parallel synthesis criteria is not met 
INFO: [Synth 8-5544] ROM "u_spi_flash_bridge_core/state" won't be mapped to Block RAM because address size (3) smaller than threshold (5)
INFO: [Synth 8-3886] merging instance 'u_spi_flash_bridge_core/rsp_word_reg[39]' (FDCE) to 'u_spi_flash_bridge_core/rsp_word_reg[38]'
INFO: [Synth 8-3886] merging instance 'u_spi_flash_bridge_core/rsp_word_reg[38]' (FDCE) to 'u_spi_flash_bridge_core/rsp_word_reg[37]'
INFO: [Synth 8-3886] merging instance 'u_jtag_user_bridge/rsp_sync1_dr_reg[39]' (FDC) to 'u_jtag_user_bridge/rsp_sync1_dr_reg[38]'
INFO: [Synth 8-3886] merging instance 'u_spi_flash_bridge_core/rsp_word_reg[37]' (FDCE) to 'u_spi_flash_bridge_core/rsp_word_reg[35]'
INFO: [Synth 8-3886] merging instance 'u_jtag_user_bridge/rsp_sync1_dr_reg[38]' (FDC) to 'u_jtag_user_bridge/rsp_sync1_dr_reg[37]'
INFO: [Synth 8-3886] merging instance 'u_jtag_user_bridge/rsp_sync2_dr_reg[39]' (FDC) to 'u_jtag_user_bridge/rsp_sync2_dr_reg[38]'
INFO: [Synth 8-3333] propagating constant 0 across sequential element (\u_spi_flash_bridge_core/rsp_word_reg[36] )
INFO: [Synth 8-3886] merging instance 'u_jtag_user_bridge/rsp_sync1_dr_reg[37]' (FDC) to 'u_jtag_user_bridge/rsp_sync1_dr_reg[35]'
INFO: [Synth 8-3886] merging instance 'u_jtag_user_bridge/rsp_sync2_dr_reg[38]' (FDC) to 'u_jtag_user_bridge/rsp_sync2_dr_reg[37]'
INFO: [Synth 8-3886] merging instance 'u_spi_flash_bridge_core/rsp_word_reg[35]' (FDCE) to 'u_spi_flash_bridge_core/rsp_word_reg[34]'
INFO: [Synth 8-3886] merging instance 'u_jtag_user_bridge/rsp_sync2_dr_reg[37]' (FDC) to 'u_jtag_user_bridge/rsp_sync2_dr_reg[35]'
INFO: [Synth 8-3886] merging instance 'u_spi_flash_bridge_core/rsp_word_reg[34]' (FDCE) to 'u_spi_flash_bridge_core/rsp_word_reg[33]'
INFO: [Synth 8-3886] merging instance 'u_jtag_user_bridge/rsp_sync1_dr_reg[35]' (FDC) to 'u_jtag_user_bridge/rsp_sync1_dr_reg[34]'
INFO: [Synth 8-3886] merging instance 'u_jtag_user_bridge/rsp_sync1_dr_reg[34]' (FDC) to 'u_jtag_user_bridge/rsp_sync1_dr_reg[33]'
INFO: [Synth 8-3886] merging instance 'u_jtag_user_bridge/rsp_sync2_dr_reg[35]' (FDC) to 'u_jtag_user_bridge/rsp_sync2_dr_reg[34]'
INFO: [Synth 8-3886] merging instance 'u_jtag_user_bridge/rsp_sync2_dr_reg[34]' (FDC) to 'u_jtag_user_bridge/rsp_sync2_dr_reg[33]'
---------------------------------------------------------------------------------
Finished Cross Boundary and Area Optimization : Time (s): cpu = 00:00:09 ; elapsed = 00:00:10 . Memory (MB): peak = 772.746 ; gain = 506.523
---------------------------------------------------------------------------------

Report RTL Partitions: 
+-+--------------+------------+----------+
| |RTL Partition |Replication |Instances |
+-+--------------+------------+----------+
+-+--------------+------------+----------+
---------------------------------------------------------------------------------
Start Applying XDC Timing Constraints
---------------------------------------------------------------------------------
---------------------------------------------------------------------------------
Finished Applying XDC Timing Constraints : Time (s): cpu = 00:00:14 ; elapsed = 00:00:16 . Memory (MB): peak = 772.746 ; gain = 506.523
---------------------------------------------------------------------------------
---------------------------------------------------------------------------------
Start Timing Optimization
---------------------------------------------------------------------------------
---------------------------------------------------------------------------------
Finished Timing Optimization : Time (s): cpu = 00:00:15 ; elapsed = 00:00:16 . Memory (MB): peak = 784.371 ; gain = 518.148
---------------------------------------------------------------------------------

Report RTL Partitions: 
+-+--------------+------------+----------+
| |RTL Partition |Replication |Instances |
+-+--------------+------------+----------+
+-+--------------+------------+----------+
---------------------------------------------------------------------------------
Start Technology Mapping
---------------------------------------------------------------------------------
---------------------------------------------------------------------------------
Finished Technology Mapping : Time (s): cpu = 00:00:15 ; elapsed = 00:00:17 . Memory (MB): peak = 785.152 ; gain = 518.930
---------------------------------------------------------------------------------

Report RTL Partitions: 
+-+--------------+------------+----------+
| |RTL Partition |Replication |Instances |
+-+--------------+------------+----------+
+-+--------------+------------+----------+
---------------------------------------------------------------------------------
Start IO Insertion
---------------------------------------------------------------------------------
---------------------------------------------------------------------------------
Start Flattening Before IO Insertion
---------------------------------------------------------------------------------
---------------------------------------------------------------------------------
Finished Flattening Before IO Insertion
---------------------------------------------------------------------------------
---------------------------------------------------------------------------------
Start Final Netlist Cleanup
---------------------------------------------------------------------------------
---------------------------------------------------------------------------------
Finished Final Netlist Cleanup
---------------------------------------------------------------------------------
---------------------------------------------------------------------------------
Finished IO Insertion : Time (s): cpu = 00:00:15 ; elapsed = 00:00:17 . Memory (MB): peak = 785.152 ; gain = 518.930
---------------------------------------------------------------------------------

Report Check Netlist: 
+------+------------------+-------+---------+-------+------------------+
|      |Item              |Errors |Warnings |Status |Description       |
+------+------------------+-------+---------+-------+------------------+
|1     |multi_driven_nets |      0|        0|Passed |Multi driven nets |
+------+------------------+-------+---------+-------+------------------+
---------------------------------------------------------------------------------
Start Renaming Generated Instances
---------------------------------------------------------------------------------
---------------------------------------------------------------------------------
Finished Renaming Generated Instances : Time (s): cpu = 00:00:15 ; elapsed = 00:00:17 . Memory (MB): peak = 785.152 ; gain = 518.930
---------------------------------------------------------------------------------

Report RTL Partitions: 
+-+--------------+------------+----------+
| |RTL Partition |Replication |Instances |
+-+--------------+------------+----------+
+-+--------------+------------+----------+
---------------------------------------------------------------------------------
Start Rebuilding User Hierarchy
---------------------------------------------------------------------------------
---------------------------------------------------------------------------------
Finished Rebuilding User Hierarchy : Time (s): cpu = 00:00:15 ; elapsed = 00:00:17 . Memory (MB): peak = 785.152 ; gain = 518.930
---------------------------------------------------------------------------------
---------------------------------------------------------------------------------
Start Renaming Generated Ports
---------------------------------------------------------------------------------
---------------------------------------------------------------------------------
Finished Renaming Generated Ports : Time (s): cpu = 00:00:15 ; elapsed = 00:00:17 . Memory (MB): peak = 785.152 ; gain = 518.930
---------------------------------------------------------------------------------
---------------------------------------------------------------------------------
Start Handling Custom Attributes
---------------------------------------------------------------------------------
---------------------------------------------------------------------------------
Finished Handling Custom Attributes : Time (s): cpu = 00:00:15 ; elapsed = 00:00:17 . Memory (MB): peak = 785.152 ; gain = 518.930
---------------------------------------------------------------------------------
---------------------------------------------------------------------------------
Start Renaming Generated Nets
---------------------------------------------------------------------------------
---------------------------------------------------------------------------------
Finished Renaming Generated Nets : Time (s): cpu = 00:00:15 ; elapsed = 00:00:17 . Memory (MB): peak = 785.152 ; gain = 518.930
---------------------------------------------------------------------------------
---------------------------------------------------------------------------------
Start Writing Synthesis Report
---------------------------------------------------------------------------------

Report BlackBoxes: 
+-+--------------+----------+
| |BlackBox name |Instances |
+-+--------------+----------+
+-+--------------+----------+

Report Cell Usage: 
+------+----------+------+
|      |Cell      |Count |
+------+----------+------+
|1     |BSCANE2   |     1|
|2     |BUFG      |     3|
|3     |CARRY4    |     8|
|4     |LUT1      |    19|
|5     |LUT2      |    76|
|6     |LUT3      |    46|
|7     |LUT4      |    19|
|8     |LUT5      |    31|
|9     |LUT6      |    38|
|10    |STARTUPE2 |     1|
|11    |FDCE      |   319|
|12    |FDPE      |     4|
|13    |IBUF      |     1|
|14    |IOBUF     |     4|
|15    |OBUF      |     1|
+------+----------+------+

Report Instance Areas: 
+------+--------------------------+----------------------+------+
|      |Instance                  |Module                |Cells |
+------+--------------------------+----------------------+------+
|1     |top                       |                      |   571|
|2     |  u_jtag_user_bridge      |jtag_user_bridge      |   376|
|3     |  u_spi_flash_bridge_core |spi_flash_bridge_core |   185|
+------+--------------------------+----------------------+------+
---------------------------------------------------------------------------------
Finished Writing Synthesis Report : Time (s): cpu = 00:00:15 ; elapsed = 00:00:17 . Memory (MB): peak = 785.152 ; gain = 518.930
---------------------------------------------------------------------------------
Synthesis finished with 0 errors, 0 critical warnings and 0 warnings.
Synthesis Optimization Runtime : Time (s): cpu = 00:00:08 ; elapsed = 00:00:12 . Memory (MB): peak = 785.152 ; gain = 164.430
Synthesis Optimization Complete : Time (s): cpu = 00:00:15 ; elapsed = 00:00:17 . Memory (MB): peak = 785.152 ; gain = 518.930
INFO: [Project 1-571] Translating synthesized netlist
INFO: [Netlist 29-17] Analyzing 13 Unisim elements for replacement
INFO: [Netlist 29-28] Unisim Transformation completed in 0 CPU seconds
INFO: [Project 1-570] Preparing netlist for logic optimization
Parsing XDC File [D:/CubeMX/STM32H743_XC7A100_PS_Configuration/vivado_bridge/xdc/xc7a100tfgg484_spi_flash_bridge.xdc]
Finished Parsing XDC File [D:/CubeMX/STM32H743_XC7A100_PS_Configuration/vivado_bridge/xdc/xc7a100tfgg484_spi_flash_bridge.xdc]
INFO: [Opt 31-138] Pushed 0 inverter(s) to 0 load pin(s).
Netlist sorting complete. Time (s): cpu = 00:00:00 ; elapsed = 00:00:00 . Memory (MB): peak = 796.867 ; gain = 0.000
INFO: [Project 1-111] Unisim Transformation Summary:
  A total of 4 instances were transformed.
  IOBUF => IOBUF (IBUF, OBUFT): 4 instances

INFO: [Common 17-83] Releasing license: Synthesis
54 Infos, 8 Warnings, 0 Critical Warnings and 0 Errors encountered.
synth_design completed successfully
synth_design: Time (s): cpu = 00:00:16 ; elapsed = 00:00:20 . Memory (MB): peak = 796.867 ; gain = 530.645
# opt_design
Command: opt_design
Attempting to get a license for feature 'Implementation' and/or device 'xc7a100t'
INFO: [Common 17-349] Got license for feature 'Implementation' and/or device 'xc7a100t'
Running DRC as a precondition to command opt_design

Starting DRC Task
INFO: [DRC 23-27] Running DRC with 2 threads
INFO: [Project 1-461] DRC finished with 0 Errors
INFO: [Project 1-462] Please refer to the DRC report (report_drc) for more information.

Time (s): cpu = 00:00:01 ; elapsed = 00:00:00.416 . Memory (MB): peak = 796.867 ; gain = 0.000

Starting Cache Timing Information Task
INFO: [Timing 38-35] Done setting XDC timing constraints.
Ending Cache Timing Information Task | Checksum: 1dec8ba36

Time (s): cpu = 00:00:01 ; elapsed = 00:00:02 . Memory (MB): peak = 1209.125 ; gain = 412.258

Starting Logic Optimization Task

Phase 1 Retarget
INFO: [Opt 31-138] Pushed 0 inverter(s) to 0 load pin(s).
INFO: [Opt 31-49] Retargeted 0 cell(s).
Phase 1 Retarget | Checksum: 1dec8ba36

Time (s): cpu = 00:00:00 ; elapsed = 00:00:00.035 . Memory (MB): peak = 1301.039 ; gain = 0.000
INFO: [Opt 31-389] Phase Retarget created 0 cells and removed 0 cells

Phase 2 Constant propagation
INFO: [Opt 31-138] Pushed 0 inverter(s) to 0 load pin(s).
Phase 2 Constant propagation | Checksum: 1dec8ba36

Time (s): cpu = 00:00:00 ; elapsed = 00:00:00.041 . Memory (MB): peak = 1301.039 ; gain = 0.000
INFO: [Opt 31-389] Phase Constant propagation created 0 cells and removed 0 cells

Phase 3 Sweep
Phase 3 Sweep | Checksum: 1e9b9048f

Time (s): cpu = 00:00:00 ; elapsed = 00:00:00.058 . Memory (MB): peak = 1301.039 ; gain = 0.000
INFO: [Opt 31-389] Phase Sweep created 0 cells and removed 0 cells

Phase 4 BUFG optimization
Phase 4 BUFG optimization | Checksum: 1e9b9048f

Time (s): cpu = 00:00:00 ; elapsed = 00:00:00.068 . Memory (MB): peak = 1301.039 ; gain = 0.000
INFO: [Opt 31-662] Phase BUFG optimization created 0 cells of which 0 are BUFGs and removed 0 cells.

Phase 5 Shift Register Optimization
Phase 5 Shift Register Optimization | Checksum: 25a1c5585

Time (s): cpu = 00:00:00 ; elapsed = 00:00:00.110 . Memory (MB): peak = 1301.039 ; gain = 0.000
INFO: [Opt 31-389] Phase Shift Register Optimization created 0 cells and removed 0 cells

Phase 6 Post Processing Netlist
Phase 6 Post Processing Netlist | Checksum: 25a1c5585

Time (s): cpu = 00:00:00 ; elapsed = 00:00:00.115 . Memory (MB): peak = 1301.039 ; gain = 0.000
INFO: [Opt 31-389] Phase Post Processing Netlist created 0 cells and removed 0 cells
Opt_design Change Summary
=========================


-------------------------------------------------------------------------------------------------------------------------
|  Phase                        |  #Cells created  |  #Cells Removed  |  #Constrained objects preventing optimizations  |
-------------------------------------------------------------------------------------------------------------------------
|  Retarget                     |               0  |               0  |                                              0  |
|  Constant propagation         |               0  |               0  |                                              0  |
|  Sweep                        |               0  |               0  |                                              0  |
|  BUFG optimization            |               0  |               0  |                                              0  |
|  Shift Register Optimization  |               0  |               0  |                                              0  |
|  Post Processing Netlist      |               0  |               0  |                                              0  |
-------------------------------------------------------------------------------------------------------------------------



Starting Connectivity Check Task

Time (s): cpu = 00:00:00 ; elapsed = 00:00:00.002 . Memory (MB): peak = 1301.039 ; gain = 0.000
Ending Logic Optimization Task | Checksum: 25a1c5585

Time (s): cpu = 00:00:00 ; elapsed = 00:00:00.120 . Memory (MB): peak = 1301.039 ; gain = 0.000

Starting Power Optimization Task
INFO: [Pwropt 34-132] Skipping clock gating for clocks with a period < 2.00 ns.
Ending Power Optimization Task | Checksum: 25a1c5585

Time (s): cpu = 00:00:00 ; elapsed = 00:00:00.014 . Memory (MB): peak = 1301.039 ; gain = 0.000

Starting Final Cleanup Task
Ending Final Cleanup Task | Checksum: 25a1c5585

Time (s): cpu = 00:00:00 ; elapsed = 00:00:00 . Memory (MB): peak = 1301.039 ; gain = 0.000

Starting Netlist Obfuscation Task
Netlist sorting complete. Time (s): cpu = 00:00:00 ; elapsed = 00:00:00 . Memory (MB): peak = 1301.039 ; gain = 0.000
Ending Netlist Obfuscation Task | Checksum: 25a1c5585

Time (s): cpu = 00:00:00 ; elapsed = 00:00:00.001 . Memory (MB): peak = 1301.039 ; gain = 0.000
INFO: [Common 17-83] Releasing license: Implementation
16 Infos, 0 Warnings, 0 Critical Warnings and 0 Errors encountered.
opt_design completed successfully
# place_design
Command: place_design
Attempting to get a license for feature 'Implementation' and/or device 'xc7a100t'
INFO: [Common 17-349] Got license for feature 'Implementation' and/or device 'xc7a100t'
INFO: [DRC 23-27] Running DRC with 2 threads
INFO: [Vivado_Tcl 4-198] DRC finished with 0 Errors
INFO: [Vivado_Tcl 4-199] Please refer to the DRC report (report_drc) for more information.
Running DRC as a precondition to command place_design
INFO: [DRC 23-27] Running DRC with 2 threads
INFO: [Vivado_Tcl 4-198] DRC finished with 0 Errors
INFO: [Vivado_Tcl 4-199] Please refer to the DRC report (report_drc) for more information.

Starting Placer Task
INFO: [Place 30-611] Multithreading enabled for place_design using a maximum of 2 CPUs

Phase 1 Placer Initialization

Phase 1.1 Placer Initialization Netlist Sorting
Netlist sorting complete. Time (s): cpu = 00:00:00 ; elapsed = 00:00:00 . Memory (MB): peak = 1301.039 ; gain = 0.000
Phase 1.1 Placer Initialization Netlist Sorting | Checksum: 1c650fb20

Time (s): cpu = 00:00:00 ; elapsed = 00:00:00.012 . Memory (MB): peak = 1301.039 ; gain = 0.000
Netlist sorting complete. Time (s): cpu = 00:00:00 ; elapsed = 00:00:00 . Memory (MB): peak = 1301.039 ; gain = 0.000

Phase 1.2 IO Placement/ Clock Placement/ Build Placer Device
INFO: [Timing 38-35] Done setting XDC timing constraints.
Phase 1.2 IO Placement/ Clock Placement/ Build Placer Device | Checksum: 1150f5560

Time (s): cpu = 00:00:01 ; elapsed = 00:00:00.658 . Memory (MB): peak = 1301.039 ; gain = 0.000

Phase 1.3 Build Placer Netlist Model
Phase 1.3 Build Placer Netlist Model | Checksum: 199dba4aa

Time (s): cpu = 00:00:02 ; elapsed = 00:00:00.843 . Memory (MB): peak = 1301.039 ; gain = 0.000

Phase 1.4 Constrain Clocks/Macros
Phase 1.4 Constrain Clocks/Macros | Checksum: 199dba4aa

Time (s): cpu = 00:00:02 ; elapsed = 00:00:00.848 . Memory (MB): peak = 1301.039 ; gain = 0.000
Phase 1 Placer Initialization | Checksum: 199dba4aa

Time (s): cpu = 00:00:02 ; elapsed = 00:00:00.856 . Memory (MB): peak = 1301.039 ; gain = 0.000

Phase 2 Global Placement

Phase 2.1 Floorplanning
Phase 2.1 Floorplanning | Checksum: 131c91395

Time (s): cpu = 00:00:02 ; elapsed = 00:00:01 . Memory (MB): peak = 1301.039 ; gain = 0.000

Phase 2.2 Physical Synthesis In Placer
INFO: [Physopt 32-65] No nets found for high-fanout optimization.
INFO: [Physopt 32-232] Optimized 0 net. Created 0 new instance.
INFO: [Physopt 32-775] End 1 Pass. Optimized 0 net or cell. Created 0 new cell, deleted 0 existing cell and moved 0 existing cell
INFO: [Physopt 32-670] No setup violation found.  DSP Register Optimization was not performed.
INFO: [Physopt 32-670] No setup violation found.  Shift Register Optimization was not performed.
INFO: [Physopt 32-670] No setup violation found.  BRAM Register Optimization was not performed.
INFO: [Physopt 32-949] No candidate nets found for HD net replication
INFO: [Physopt 32-775] End 1 Pass. Optimized 0 net or cell. Created 0 new cell, deleted 0 existing cell and moved 0 existing cell
Netlist sorting complete. Time (s): cpu = 00:00:00 ; elapsed = 00:00:00 . Memory (MB): peak = 1301.039 ; gain = 0.000

Summary of Physical Synthesis Optimizations
============================================


----------------------------------------------------------------------------------------------------------------------------------------
|  Optimization                  |  Added Cells  |  Removed Cells  |  Optimized Cells/Nets  |  Dont Touch  |  Iterations  |  Elapsed   |
----------------------------------------------------------------------------------------------------------------------------------------
|  Very High Fanout              |            0  |              0  |                     0  |           0  |           1  |  00:00:00  |
|  DSP Register                  |            0  |              0  |                     0  |           0  |           0  |  00:00:00  |
|  Shift Register                |            0  |              0  |                     0  |           0  |           0  |  00:00:00  |
|  BRAM Register                 |            0  |              0  |                     0  |           0  |           0  |  00:00:00  |
|  HD Interface Net Replication  |            0  |              0  |                     0  |           0  |           1  |  00:00:00  |
|  Total                         |            0  |              0  |                     0  |           0  |           2  |  00:00:00  |
----------------------------------------------------------------------------------------------------------------------------------------


Phase 2.2 Physical Synthesis In Placer | Checksum: 1bf004284

Time (s): cpu = 00:00:03 ; elapsed = 00:00:02 . Memory (MB): peak = 1301.039 ; gain = 0.000
Phase 2 Global Placement | Checksum: 209243ba3

Time (s): cpu = 00:00:03 ; elapsed = 00:00:02 . Memory (MB): peak = 1301.039 ; gain = 0.000

Phase 3 Detail Placement

Phase 3.1 Commit Multi Column Macros
Phase 3.1 Commit Multi Column Macros | Checksum: 209243ba3

Time (s): cpu = 00:00:03 ; elapsed = 00:00:02 . Memory (MB): peak = 1301.039 ; gain = 0.000

Phase 3.2 Commit Most Macros & LUTRAMs
Phase 3.2 Commit Most Macros & LUTRAMs | Checksum: 1b633dc7b

Time (s): cpu = 00:00:03 ; elapsed = 00:00:02 . Memory (MB): peak = 1301.039 ; gain = 0.000

Phase 3.3 Area Swap Optimization
Phase 3.3 Area Swap Optimization | Checksum: ea377e2c

Time (s): cpu = 00:00:03 ; elapsed = 00:00:02 . Memory (MB): peak = 1301.039 ; gain = 0.000

Phase 3.4 Pipeline Register Optimization
Phase 3.4 Pipeline Register Optimization | Checksum: 1abd8ed95

Time (s): cpu = 00:00:03 ; elapsed = 00:00:02 . Memory (MB): peak = 1301.039 ; gain = 0.000

Phase 3.5 Small Shape Detail Placement
Phase 3.5 Small Shape Detail Placement | Checksum: 110aceab9

Time (s): cpu = 00:00:03 ; elapsed = 00:00:02 . Memory (MB): peak = 1301.039 ; gain = 0.000

Phase 3.6 Re-assign LUT pins
Phase 3.6 Re-assign LUT pins | Checksum: 8c7dc38a

Time (s): cpu = 00:00:03 ; elapsed = 00:00:02 . Memory (MB): peak = 1301.039 ; gain = 0.000

Phase 3.7 Pipeline Register Optimization
Phase 3.7 Pipeline Register Optimization | Checksum: 14cdf74a3

Time (s): cpu = 00:00:03 ; elapsed = 00:00:02 . Memory (MB): peak = 1301.039 ; gain = 0.000
Phase 3 Detail Placement | Checksum: 14cdf74a3

Time (s): cpu = 00:00:03 ; elapsed = 00:00:02 . Memory (MB): peak = 1301.039 ; gain = 0.000

Phase 4 Post Placement Optimization and Clean-Up

Phase 4.1 Post Commit Optimization
INFO: [Timing 38-35] Done setting XDC timing constraints.

Phase 4.1.1 Post Placement Optimization
Post Placement Optimization Initialization | Checksum: 7805bce4

Phase 4.1.1.1 BUFG Insertion
INFO: [Place 46-46] BUFG insertion identified 0 candidate nets, 0 success, 0 bufg driver replicated, 0 skipped for placement/routing, 0 skipped for timing, 0 skipped for netlist change reason
Phase 4.1.1.1 BUFG Insertion | Checksum: 7805bce4

Time (s): cpu = 00:00:03 ; elapsed = 00:00:02 . Memory (MB): peak = 1301.039 ; gain = 0.000
INFO: [Place 30-746] Post Placement Timing Summary WNS=5.887. For the most accurate timing information please run report_timing.
Phase 4.1.1 Post Placement Optimization | Checksum: 1120a7aae

Time (s): cpu = 00:00:03 ; elapsed = 00:00:02 . Memory (MB): peak = 1301.039 ; gain = 0.000
Phase 4.1 Post Commit Optimization | Checksum: 1120a7aae

Time (s): cpu = 00:00:03 ; elapsed = 00:00:02 . Memory (MB): peak = 1301.039 ; gain = 0.000

Phase 4.2 Post Placement Cleanup
Phase 4.2 Post Placement Cleanup | Checksum: 1120a7aae

Time (s): cpu = 00:00:03 ; elapsed = 00:00:02 . Memory (MB): peak = 1301.039 ; gain = 0.000

Phase 4.3 Placer Reporting
Phase 4.3 Placer Reporting | Checksum: 1120a7aae

Time (s): cpu = 00:00:03 ; elapsed = 00:00:02 . Memory (MB): peak = 1301.039 ; gain = 0.000

Phase 4.4 Final Placement Cleanup
Netlist sorting complete. Time (s): cpu = 00:00:00 ; elapsed = 00:00:00 . Memory (MB): peak = 1301.039 ; gain = 0.000
Phase 4.4 Final Placement Cleanup | Checksum: 162592699

Time (s): cpu = 00:00:03 ; elapsed = 00:00:02 . Memory (MB): peak = 1301.039 ; gain = 0.000
Phase 4 Post Placement Optimization and Clean-Up | Checksum: 162592699

Time (s): cpu = 00:00:03 ; elapsed = 00:00:02 . Memory (MB): peak = 1301.039 ; gain = 0.000
Ending Placer Task | Checksum: b0b87ffd

Time (s): cpu = 00:00:03 ; elapsed = 00:00:02 . Memory (MB): peak = 1301.039 ; gain = 0.000
INFO: [Common 17-83] Releasing license: Implementation
21 Infos, 0 Warnings, 0 Critical Warnings and 0 Errors encountered.
place_design completed successfully
# route_design
Command: route_design
Attempting to get a license for feature 'Implementation' and/or device 'xc7a100t'
INFO: [Common 17-349] Got license for feature 'Implementation' and/or device 'xc7a100t'
Running DRC as a precondition to command route_design
INFO: [DRC 23-27] Running DRC with 2 threads
INFO: [Vivado_Tcl 4-198] DRC finished with 0 Errors
INFO: [Vivado_Tcl 4-199] Please refer to the DRC report (report_drc) for more information.


Starting Routing Task
INFO: [Route 35-254] Multithreading enabled for route_design using a maximum of 2 CPUs
Checksum: PlaceDB: 1afbaa80 ConstDB: 0 ShapeSum: 95bcd57d RouteDB: 0

Phase 1 Build RT Design
Phase 1 Build RT Design | Checksum: 16f052110

Time (s): cpu = 00:00:23 ; elapsed = 00:00:22 . Memory (MB): peak = 1434.227 ; gain = 133.188
Post Restoration Checksum: NetGraph: d369e32c NumContArr: 9b9b3de4 Constraints: 0 Timing: 0

Phase 2 Router Initialization

Phase 2.1 Create Timer
Phase 2.1 Create Timer | Checksum: 16f052110

Time (s): cpu = 00:00:23 ; elapsed = 00:00:22 . Memory (MB): peak = 1466.445 ; gain = 165.406

Phase 2.2 Fix Topology Constraints
Phase 2.2 Fix Topology Constraints | Checksum: 16f052110

Time (s): cpu = 00:00:23 ; elapsed = 00:00:22 . Memory (MB): peak = 1472.848 ; gain = 171.809

Phase 2.3 Pre Route Cleanup
Phase 2.3 Pre Route Cleanup | Checksum: 16f052110

Time (s): cpu = 00:00:23 ; elapsed = 00:00:22 . Memory (MB): peak = 1472.848 ; gain = 171.809
 Number of Nodes with overlaps = 0

Phase 2.4 Update Timing
Phase 2.4 Update Timing | Checksum: f3c22358

Time (s): cpu = 00:00:23 ; elapsed = 00:00:22 . Memory (MB): peak = 1480.918 ; gain = 179.879
INFO: [Route 35-416] Intermediate Timing Summary | WNS=5.912  | TNS=0.000  | WHS=-0.120 | THS=-4.528 |

Phase 2 Router Initialization | Checksum: bd8fdfa8

Time (s): cpu = 00:00:23 ; elapsed = 00:00:22 . Memory (MB): peak = 1480.918 ; gain = 179.879

Phase 3 Initial Routing
Phase 3 Initial Routing | Checksum: 1afd21182

Time (s): cpu = 00:00:24 ; elapsed = 00:00:22 . Memory (MB): peak = 1482.844 ; gain = 181.805

Phase 4 Rip-up And Reroute

Phase 4.1 Global Iteration 0
 Number of Nodes with overlaps = 28
 Number of Nodes with overlaps = 0
INFO: [Route 35-416] Intermediate Timing Summary | WNS=5.641  | TNS=0.000  | WHS=N/A    | THS=N/A    |

Phase 4.1 Global Iteration 0 | Checksum: 165d468db

Time (s): cpu = 00:00:24 ; elapsed = 00:00:22 . Memory (MB): peak = 1482.859 ; gain = 181.820
Phase 4 Rip-up And Reroute | Checksum: 165d468db

Time (s): cpu = 00:00:24 ; elapsed = 00:00:22 . Memory (MB): peak = 1482.859 ; gain = 181.820

Phase 5 Delay and Skew Optimization

Phase 5.1 Delay CleanUp
Phase 5.1 Delay CleanUp | Checksum: 165d468db

Time (s): cpu = 00:00:24 ; elapsed = 00:00:22 . Memory (MB): peak = 1482.859 ; gain = 181.820

Phase 5.2 Clock Skew Optimization
Phase 5.2 Clock Skew Optimization | Checksum: 165d468db

Time (s): cpu = 00:00:24 ; elapsed = 00:00:22 . Memory (MB): peak = 1482.859 ; gain = 181.820
Phase 5 Delay and Skew Optimization | Checksum: 165d468db

Time (s): cpu = 00:00:24 ; elapsed = 00:00:22 . Memory (MB): peak = 1482.859 ; gain = 181.820

Phase 6 Post Hold Fix

Phase 6.1 Hold Fix Iter

Phase 6.1.1 Update Timing
Phase 6.1.1 Update Timing | Checksum: 18609fb55

Time (s): cpu = 00:00:24 ; elapsed = 00:00:22 . Memory (MB): peak = 1482.859 ; gain = 181.820
INFO: [Route 35-416] Intermediate Timing Summary | WNS=5.708  | TNS=0.000  | WHS=0.182  | THS=0.000  |

Phase 6.1 Hold Fix Iter | Checksum: 18609fb55

Time (s): cpu = 00:00:24 ; elapsed = 00:00:22 . Memory (MB): peak = 1482.859 ; gain = 181.820
Phase 6 Post Hold Fix | Checksum: 18609fb55

Time (s): cpu = 00:00:24 ; elapsed = 00:00:22 . Memory (MB): peak = 1482.859 ; gain = 181.820

Phase 7 Route finalize

Router Utilization Summary
  Global Vertical Routing Utilization    = 0.0412587 %
  Global Horizontal Routing Utilization  = 0.0451833 %
  Routable Net Status*
  *Does not include unroutable nets such as driverless and loadless.
  Run report_route_status for detailed report.
  Number of Failed Nets               = 0
  Number of Unrouted Nets             = 0
  Number of Partially Routed Nets     = 0
  Number of Node Overlaps             = 0

Phase 7 Route finalize | Checksum: 1795a2c2b

Time (s): cpu = 00:00:24 ; elapsed = 00:00:22 . Memory (MB): peak = 1482.859 ; gain = 181.820

Phase 8 Verifying routed nets

 Verification completed successfully
Phase 8 Verifying routed nets | Checksum: 1795a2c2b

Time (s): cpu = 00:00:24 ; elapsed = 00:00:22 . Memory (MB): peak = 1484.902 ; gain = 183.863

Phase 9 Depositing Routes
Phase 9 Depositing Routes | Checksum: 1b820ebc4

Time (s): cpu = 00:00:24 ; elapsed = 00:00:22 . Memory (MB): peak = 1484.902 ; gain = 183.863

Phase 10 Post Router Timing
INFO: [Route 35-57] Estimated Timing Summary | WNS=5.708  | TNS=0.000  | WHS=0.182  | THS=0.000  |

INFO: [Route 35-327] The final timing numbers are based on the router estimated timing analysis. For a complete and accurate timing signoff, please run report_timing_summary.
Phase 10 Post Router Timing | Checksum: 1b820ebc4

Time (s): cpu = 00:00:24 ; elapsed = 00:00:22 . Memory (MB): peak = 1484.902 ; gain = 183.863
INFO: [Route 35-16] Router Completed Successfully

Time (s): cpu = 00:00:24 ; elapsed = 00:00:22 . Memory (MB): peak = 1484.902 ; gain = 183.863

Routing Is Done.
INFO: [Common 17-83] Releasing license: Implementation
12 Infos, 0 Warnings, 0 Critical Warnings and 0 Errors encountered.
route_design completed successfully
route_design: Time (s): cpu = 00:00:25 ; elapsed = 00:00:23 . Memory (MB): peak = 1484.902 ; gain = 183.863
# report_timing_summary -file [file join $output_dir "timing_summary.rpt"]
INFO: [Timing 38-91] UpdateTimingParams: Speed grade: -2, Delay Type: min_max.
INFO: [Timing 38-191] Multithreading enabled for timing update using a maximum of 2 CPUs
# report_utilization    -file [file join $output_dir "utilization.rpt"]
# set_property CFGBVS VCCO [current_design]
# set_property CONFIG_VOLTAGE 3.3 [current_design]
# set_property BITSTREAM.GENERAL.COMPRESS TRUE [current_design]
# set_property BITSTREAM.CONFIG.SPI_BUSWIDTH 1 [current_design]
# set bit_prefix [file join $output_dir "spi_flash_bridge"]
# write_bitstream -force -bin_file $bit_prefix
Command: write_bitstream -force -bin_file D:/CubeMX/STM32H743_XC7A100_PS_Configuration/Confg-Flash/out_noproject/spi_flash_bridge
Attempting to get a license for feature 'Implementation' and/or device 'xc7a100t'
INFO: [Common 17-349] Got license for feature 'Implementation' and/or device 'xc7a100t'
Running DRC as a precondition to command write_bitstream
INFO: [IP_Flow 19-234] Refreshing IP repositories
INFO: [IP_Flow 19-1704] No user IP repositories specified
INFO: [IP_Flow 19-2313] Loaded Vivado IP repository 'D:/Vivado/Vivado/2018.3/data/ip'.
INFO: [DRC 23-27] Running DRC with 2 threads
WARNING: [DRC BUFC-1] Input Buffer Connections: Input buffer u_spi_io0_iobuf/IBUF has no loads. It is recommended to have an input buffer drive an internal load.
INFO: [Vivado 12-3199] DRC finished with 0 Errors, 1 Warnings
INFO: [Vivado 12-3200] Please refer to the DRC report (report_drc) for more information.
INFO: [Designutils 20-2272] Running write_bitstream with 2 threads.
Loading data files...
Loading site data...
Loading route data...
Processing options...
Creating bitmap...
Creating bitstream...
Bitstream compression saved 26927936 bits.
Writing bitstream D:/CubeMX/STM32H743_XC7A100_PS_Configuration/Confg-Flash/out_noproject/spi_flash_bridge.bit...
Writing bitstream D:/CubeMX/STM32H743_XC7A100_PS_Configuration/Confg-Flash/out_noproject/spi_flash_bridge.bin...
INFO: [Vivado 12-1842] Bitgen Completed Successfully.
INFO: [Project 1-120] WebTalk data collection is mandatory when using a WebPACK part without a full Vivado license. To see the specific WebTalk data collected for your design, open the usage_statistics_webtalk.html or usage_statistics_webtalk.xml file in the implementation directory.
INFO: [Common 17-83] Releasing license: Implementation
11 Infos, 1 Warnings, 0 Critical Warnings and 0 Errors encountered.
write_bitstream completed successfully
write_bitstream: Time (s): cpu = 00:00:09 ; elapsed = 00:00:10 . Memory (MB): peak = 1939.148 ; gain = 454.246
# puts "Generated outputs:"
Generated outputs:
# puts "  [file normalize ${bit_prefix}.bit]"
  D:/CubeMX/STM32H743_XC7A100_PS_Configuration/Confg-Flash/out_noproject/spi_flash_bridge.bit
# puts "  [file normalize ${bit_prefix}.bin]"
  D:/CubeMX/STM32H743_XC7A100_PS_Configuration/Confg-Flash/out_noproject/spi_flash_bridge.bin
# puts "  [file normalize [file join $output_dir {timing_summary.rpt}]]"
  D:/CubeMX/STM32H743_XC7A100_PS_Configuration/Confg-Flash/out_noproject/timing_summary.rpt
# puts "  [file normalize [file join $output_dir {utilization.rpt}]]"
  D:/CubeMX/STM32H743_XC7A100_PS_Configuration/Confg-Flash/out_noproject/utilization.rpt
# close_project
# exit 0
INFO: [Common 17-206] Exiting Vivado at Wed Apr  1 16:43:46 2026...
