#-----------------------------------------------------------
# Vivado v2018.3 (64-bit)
# SW Build 2405991 on Thu Dec  6 23:38:27 MST 2018
# IP Build 2404404 on Fri Dec  7 01:43:56 MST 2018
# Start of session at: Wed Apr  1 16:42:20 2026
# Process ID: 3576
# Current directory: D:/CubeMX/STM32H743_XC7A100_PS_Configuration
# Command line: vivado.exe -mode batch -source vivado_bridge/tcl/run_noproject_batch.tcl
# Log file: D:/CubeMX/STM32H743_XC7A100_PS_Configuration/vivado.log
# Journal file: D:/CubeMX/STM32H743_XC7A100_PS_Configuration\vivado.jou
#-----------------------------------------------------------
source vivado_bridge/tcl/run_noproject_batch.tcl
# set script_dir [file normalize [file dirname [info script]]]
# set repo_root [file normalize [file join $script_dir ".." ".."]]
# set output_dir [file join $repo_root "Confg-Flash" "out_noproject"]
# file mkdir $output_dir
# create_project -in_memory -part xc7a100tfgg484-2
# set_property target_language Verilog [current_project]
# set_property default_lib xil_defaultlib [current_project]
# read_verilog [file join $repo_root "vivado_bridge" "rtl" "jtag_user_bridge.v"]
# read_verilog [file join $repo_root "vivado_bridge" "rtl" "spi_flash_bridge_core.v"]
# read_verilog [file join $repo_root "vivado_bridge" "rtl" "spi_flash_bridge_top.v"]
# read_xdc     [file join $repo_root "vivado_bridge" "xdc" "xc7a100tfgg484_spi_flash_bridge.xdc"]
# synth_design -top spi_flash_bridge_top -part xc7a100tfgg484-2
Command: synth_design -top spi_flash_bridge_top -part xc7a100tfgg484-2
Starting synth_design
Attempting to get a license for feature 'Synthesis' and/or device 'xc7a100t'
INFO: [Common 17-349] Got license for feature 'Synthesis' and/or device 'xc7a100t'
INFO: Launching helper process for spawning children vivado processes
INFO: Helper process launched with PID 2644 
ERROR: [Synth 8-2715] syntax error near ’ [D:/CubeMX/STM32H743_XC7A100_PS_Configuration/vivado_bridge/rtl/jtag_user_bridge.v:1]
Failed to read verilog 'D:/CubeMX/STM32H743_XC7A100_PS_Configuration/vivado_bridge/rtl/jtag_user_bridge.v'
INFO: [Common 17-83] Releasing license: Synthesis
2 Infos, 0 Warnings, 0 Critical Warnings and 2 Errors encountered.
synth_design failed
ERROR: [Common 17-69] Command failed: Synthesis failed - please see the console or run log file for details
INFO: [Common 17-206] Exiting Vivado at Wed Apr  1 16:42:26 2026...
